[11/01/2022 16:12:31] Debug: Session id: 0cb34806-c21f-4c35-9531-ea975307cb5d
[11/01/2022 16:12:31] Debug: Code Processor information: Name :SnowConvert, Version: 9.0.0.0
[11/01/2022 16:12:32] Debug: Getting license
[11/01/2022 16:12:32] Debug: License information
	Status: Failed
	Message: No active license available.
[11/01/2022 16:12:32] Info: Starting to validate parameters
[11/01/2022 16:12:32] Info: Parameters to validate: 
	Execution mode: Conversion
	LICENSE_KEY: a3372138-b87e-4a08-b929-3b48b24c63f1
[11/01/2022 16:12:32] Info: Validation of parameters: Success
[11/01/2022 16:12:32] Debug: Getting code descriptor
[11/01/2022 16:12:32] Debug: Code descriptor information
	Units: 51
	Units type: LOC
	All file bytes: 2141
	All found extensions: .sql,.dml,.ddl,.bteq,.btq,.fl,.fload,.ml,.mload,.mld,.tp,.tpump,.tpt
[11/01/2022 16:12:32] Debug: Calculating fingerprint
[11/01/2022 16:12:32] Debug: Fingerprint information Fingerprint(size=2141,projects=1)
[11/01/2022 16:12:32] Info: Starting to try to validate online license for execution
[11/01/2022 16:12:34] Debug: Getting license
[11/01/2022 16:12:34] Debug: License information
	Status: Failed
	Message: No active license available.
[11/01/2022 16:12:34] Debug: Starting the execution of the controller
[11/01/2022 16:12:35] Debug: Executing the worker: SnowConvert
[11/01/2022 16:12:49] Debug: Finished executing the worker: SnowConvert
[11/01/2022 16:12:51] Info: Controller execution ended
